------------------------------------------------------------------------

  Warnings for configuration sim
  --------

  Tests missed for lack of thorns:

    bam in TwoPunctures
      (CarpetX/TwoPunctures/test/bam.par)
      Missing:  CARTGRID3D LOCALREDUCE PUGH PUGHREDUCE PUGHSLAB IOASCII IOBASIC LOCALREDUCE STATICCONFORMAL ADMCONSTRAINTS ADMCOUPLING ADMMACROS SPACEMASK BAM_ELLIPTIC ELLBASE

    bhns_eval in TwoPunctures
      (CarpetX/TwoPunctures/test/bhns_eval.par)
      Missing:  CARTGRID3D LOCALREDUCE LOOPCONTROL CARPET CARPETLIB CARPETINTERP CARPETREDUCE CARPETSLAB CARPETIOASCII CARPETIOBASIC CARPETIOSCALAR CARPETIOHDF5 STATICCONFORMAL ADMCOUPLING ADMMACROS CONSTANTS SPACEMASK TOVSOLVER EOS_OMNI COORDGAUGE

    bhns_interp in TwoPunctures
      (CarpetX/TwoPunctures/test/bhns_interp.par)
      Missing:  CARTGRID3D LOCALREDUCE LOOPCONTROL CARPET CARPETLIB CARPETINTERP CARPETREDUCE CARPETSLAB CARPETIOASCII CARPETIOBASIC CARPETIOSCALAR CARPETIOHDF5 STATICCONFORMAL ADMCOUPLING ADMMACROS CONSTANTS SPACEMASK TOVSOLVER EOS_OMNI COORDGAUGE

    idpuncture in TwoPunctures
      (CarpetX/TwoPunctures/test/idpuncture.par)
      Missing:  CARTGRID3D PUGH PUGHREDUCE PUGHSLAB IOASCII IOBASIC STATICCONFORMAL ADMCONSTRAINTS ADMCOUPLING ADMMACROS SPACEMASK IDPUNCTURE TATELLIPTIC TATJACOBI TATMG TATPETSC

    twopunctures in TwoPunctures
      (CarpetX/TwoPunctures/test/twopunctures.par)
      Missing:  CARTGRID3D PUGH PUGHREDUCE PUGHSLAB LOCALREDUCE IOASCII IOBASIC STATICCONFORMAL ADMCONSTRAINTS ADMCOUPLING ADMMACROS SPACEMASK

    twopunctures_carpet in TwoPunctures
      (CarpetX/TwoPunctures/test/twopunctures_carpet.par)
      Missing:  NANCHECKER CARTGRID3D MOL CARPETIOBASIC CARPETIOSCALAR CARPET CARPETLIB CARPETIOASCII CARPETREDUCE STATICCONFORMAL SPACEMASK GENERICFD COORDGAUGE ADMCOUPLING LOOPCONTROL SPHERICALSURFACE ADMMACROS

------------------------------------------------------------------------

  Testsuite Summary for configuration sim
  -----------------

  Suitable testsuite parameter files found in:

    TestODESolvers [8]
    TestODESolvers2 [8]
    TestProlongate [6]

  Details:

    TestODESolvers:
      test-constant (1.7 s)
      test-dp87 (1.6 s)
      test-euler (5.3 s)
      test-rk2 (1.6 s)
      test-rk3 (1.6 s)
      test-rk4 (1.6 s)
      test-rkf78 (1.6 s)
      test-ssprk3 (1.6 s)
    TestODESolvers2:
      test-constant (1.6 s)
      test-dp87 (1.6 s)
      test-euler (1.6 s)
      test-rk2 (1.6 s)
      test-rk3 (1.6 s)
      test-rk4 (1.6 s)
      test-rkf78 (1.6 s)
      test-ssprk3 (1.6 s)
    TestProlongate:
      test_cc_co_o1 (0.4 s)
      test_cc_nc_o1 (0.4 s)
      test_cc_nc_o3 (0.4 s)
      test_ddf_o1 (0.4 s)
      test_ddf_o3 (0.4 s)
      test_ddf_o5 (0.4 s)

  Thorns with no valid testsuite parameter files:

    ADIOS2
    ADMBase
    AMReX
    Algo
    Arith
    AsterX
    Boost
    Boundary
    BrillLindquist
    CarpetX
    CoordBase
    Coordinates
    DGCoordinates
    DGWaveToy
    ErrorEstimator
    FFTW3
    Formaline
    Fortran
    GSL
    HDF5
    Hydro
    HydroBase
    HydroInitial
    HydroToyCarpetX
    IOUtil
    InitBase
    KHInitial
    Loop
    MPI
    Maxwell
    MaxwellToyCarpetX
    MultiPatch
    NSIMD
    ODESolvers
    OpenBLAS
    Poisson
    Punctures
    Silo
    StaticTrumpet
    SymBase
    SystemTopology
    TerminationTrigger
    TestArrayGroup
    TestSymmetries
    Time
    TimerReport
    TmunuBase
    TwoPunctures
    Vectors
    WaveToyCPU
    WaveToyCarpetX
    WaveToyGPU
    WaveToyMoL
    Weyl
    Z4c
    hwloc
    openPMD
    ssht
    yaml_cpp
    zlib

------------------------------------------------------------------------

  Run details for configuration sim

      TestODESolvers: test-constant
         Failure: Cactus exited with error code 136.
      TestODESolvers: test-dp87
         Failure: Cactus exited with error code 136.
      TestODESolvers: test-euler
         Failure: Cactus exited with error code 1.
      TestODESolvers: test-rk2
         Failure: Cactus exited with error code 136.
      TestODESolvers: test-rk3
         Failure: Cactus exited with error code 136.
      TestODESolvers: test-rk4
         Failure: Cactus exited with error code 136.
      TestODESolvers: test-rkf78
         Failure: Cactus exited with error code 136.
      TestODESolvers: test-ssprk3
         Failure: Cactus exited with error code 136.
      TestODESolvers2: test-constant
         Failure: Cactus exited with error code 136.
      TestODESolvers2: test-dp87
         Failure: Cactus exited with error code 136.
      TestODESolvers2: test-euler
         Failure: Cactus exited with error code 136.
      TestODESolvers2: test-rk2
         Failure: Cactus exited with error code 136.
      TestODESolvers2: test-rk3
         Failure: Cactus exited with error code 136.
      TestODESolvers2: test-rk4
         Failure: Cactus exited with error code 136.
      TestODESolvers2: test-rkf78
         Failure: Cactus exited with error code 136.
      TestODESolvers2: test-ssprk3
         Failure: Cactus exited with error code 136.
      TestProlongate: test_cc_co_o1
         Failure: Cactus exited with error code 1.
      TestProlongate: test_cc_nc_o1
         Failure: Cactus exited with error code 1.
      TestProlongate: test_cc_nc_o3
         Failure: Cactus exited with error code 1.
      TestProlongate: test_ddf_o1
         Failure: Cactus exited with error code 1.
      TestProlongate: test_ddf_o3
         Failure: Cactus exited with error code 1.
      TestProlongate: test_ddf_o5
         Failure: Cactus exited with error code 1.

========================================================================

  Summary for configuration sim

    Time                     -> Wed Jul 20 18:54:40 UTC 2022
    Host                     -> e51a729a4106
    Processes                -> 2
    User                     -> root

    Total available tests    -> 28
    Unrunnable tests         -> 6
    Runnable tests           -> 22
    Total number of thorns   -> 63
    Number of tested thorns  -> 3
    Number of tests passed   -> 0
    Number passed only to
               set tolerance -> 0
    Number failed            -> 22

  Tests failed:

    test-constant (from TestODESolvers)
    test-dp87 (from TestODESolvers)
    test-euler (from TestODESolvers)
    test-rk2 (from TestODESolvers)
    test-rk3 (from TestODESolvers)
    test-rk4 (from TestODESolvers)
    test-rkf78 (from TestODESolvers)
    test-ssprk3 (from TestODESolvers)
    test-constant (from TestODESolvers2)
    test-dp87 (from TestODESolvers2)
    test-euler (from TestODESolvers2)
    test-rk2 (from TestODESolvers2)
    test-rk3 (from TestODESolvers2)
    test-rk4 (from TestODESolvers2)
    test-rkf78 (from TestODESolvers2)
    test-ssprk3 (from TestODESolvers2)
    test_cc_co_o1 (from TestProlongate)
    test_cc_nc_o1 (from TestProlongate)
    test_cc_nc_o3 (from TestProlongate)
    test_ddf_o1 (from TestProlongate)
    test_ddf_o3 (from TestProlongate)
    test_ddf_o5 (from TestProlongate)

========================================================================
